#
# There is insufficient memory for the Java Runtime Environment to continue.
# Native memory allocation (malloc) failed to allocate 32744 bytes for ChunkPool::allocate
# Possible reasons:
#   The system is out of physical RAM or swap space
#   The process is running with CompressedOops enabled, and the Java Heap may be blocking the growth of the native heap
# Possible solutions:
#   Reduce memory load on the system
#   Increase physical memory or swap space
#   Check if swap backing store is full
#   Decrease Java heap size (-Xmx/-Xms)
#   Decrease number of Java threads
#   Decrease Java thread stack sizes (-Xss)
#   Set larger code cache with -XX:ReservedCodeCacheSize=
#   JVM is running with Unscaled Compressed Oops mode in which the Java heap is
#     placed in the first 4GB address space. The Java Heap base address is the
#     maximum limit for the native heap growth. Please use -XX:HeapBaseMinAddress
#     to set the Java Heap base and to place the Java Heap above 4GB virtual address.
# This output file may be truncated or incomplete.
#
#  Out of Memory Error (arena.cpp:78), pid=5324, tid=4184
#
# JRE version: OpenJDK Runtime Environment JBR-17.0.6+10-829.9-jcef (17.0.6+10) (build 17.0.6+10-b829.9)
# Java VM: OpenJDK 64-Bit Server VM JBR-17.0.6+10-829.9-jcef (17.0.6+10-b829.9, mixed mode, tiered, compressed oops, compressed class ptrs, g1 gc, windows-amd64)
# No core dump will be written. Minidumps are not enabled by default on client versions of Windows
#

---------------  S U M M A R Y ------------

Command Line: -Djava.rmi.server.hostname=127.0.0.1 -Duser.timezone=UTC -Xmx750m -Xms128m --add-exports=java.desktop/sun.awt=ALL-UNNAMED --add-exports=java.desktop/java.awt.peer=ALL-UNNAMED --add-opens=java.desktop/java.awt=ALL-UNNAMED --add-opens=jdk.unsupported/sun.misc=ALL-UNNAMED --add-opens=java.base/java.nio=ALL-UNNAMED --add-opens=java.base/java.util=ALL-UNNAMED -Dfile.encoding=UTF-8 com.intellij.database.remote.RemoteJdbcServer com.mysql.cj.jdbc.Driver

Host: Intel(R) Core(TM) i7-3687U CPU @ 2.10GHz, 4 cores, 7G,  Windows 10 , 64 bit Build 15063 (10.0.15063.1058)
Time: Thu Jun  1 15:30:58 2023 SE Asia Standard Time elapsed time: 1.389442 seconds (0d 0h 0m 1s)

---------------  T H R E A D  ---------------

Current thread (0x000001afde45c3a0):  JavaThread "C2 CompilerThread1" daemon [_thread_in_native, id=4184, stack(0x00000004f2100000,0x00000004f2200000)]


Current CompileTask:
C2:   1389 1668       4       jdk.internal.org.objectweb.asm.SymbolTable::addConstantUtf8Reference (101 bytes)

Stack: [0x00000004f2100000,0x00000004f2200000]
Native frames: (J=compiled Java code, j=interpreted, Vv=VM code, C=native code)
V  [jvm.dll+0x683c5a]
V  [jvm.dll+0x842764]
V  [jvm.dll+0x843f5e]
V  [jvm.dll+0x8445c3]
V  [jvm.dll+0x249b75]
V  [jvm.dll+0xabecc]
V  [jvm.dll+0xac27c]
V  [jvm.dll+0x2a64f6]
V  [jvm.dll+0x2a62b4]
V  [jvm.dll+0x805cd0]
V  [jvm.dll+0x6a92b9]
V  [jvm.dll+0x6919cb]
V  [jvm.dll+0x69bc8b]
V  [jvm.dll+0x69401b]
V  [jvm.dll+0x693657]
V  [jvm.dll+0x691552]
V  [jvm.dll+0x1a81fc]
V  [jvm.dll+0x2b0104]
V  [jvm.dll+0x69c055]
V  [jvm.dll+0x69401b]
V  [jvm.dll+0x693657]
V  [jvm.dll+0x691552]
V  [jvm.dll+0x1a81fc]
V  [jvm.dll+0x1a8dc6]
V  [jvm.dll+0x2b0104]
V  [jvm.dll+0x69c055]
V  [jvm.dll+0x69401b]
V  [jvm.dll+0x693657]
V  [jvm.dll+0x691552]
V  [jvm.dll+0x1a81fc]
V  [jvm.dll+0x2b0104]
V  [jvm.dll+0x69c055]
V  [jvm.dll+0x69401b]
V  [jvm.dll+0x693657]
V  [jvm.dll+0x691552]
V  [jvm.dll+0x1a81fc]
V  [jvm.dll+0x21b1e8]
V  [jvm.dll+0x1a4fdd]
V  [jvm.dll+0x22b098]
V  [jvm.dll+0x229159]
V  [jvm.dll+0x7f81ac]
V  [jvm.dll+0x7f270a]
V  [jvm.dll+0x682a95]
C  [ucrtbase.dll+0x20279]
C  [KERNEL32.DLL+0x12784]
C  [ntdll.dll+0x50c31]


---------------  P R O C E S S  ---------------

Threads class SMR info:
_java_thread_list=0x000001afde6836b0, length=24, elements={
0x000001afc6e4bfd0, 0x000001afdd6002d0, 0x000001afdd602150, 0x000001afde019090,
0x000001afde019a50, 0x000001afde01a600, 0x000001afde01cfc0, 0x000001afde01dca0,
0x000001afde0266a0, 0x000001afde02d9b0, 0x000001afde1b2030, 0x000001afde1be530,
0x000001afde236940, 0x000001afde45c3a0, 0x000001afde4ae1b0, 0x000001afde4ad080,
0x000001afde585010, 0x000001afde5874f0, 0x000001afde58bc50, 0x000001afde58c120,
0x000001afde688650, 0x000001afde687310, 0x000001afde6894c0, 0x000001afde689990
}

Java Threads: ( => current thread )
  0x000001afc6e4bfd0 JavaThread "main" [_thread_blocked, id=2864, stack(0x00000004f0d00000,0x00000004f0e00000)]
  0x000001afdd6002d0 JavaThread "Reference Handler" daemon [_thread_blocked, id=2700, stack(0x00000004f1400000,0x00000004f1500000)]
  0x000001afdd602150 JavaThread "Finalizer" daemon [_thread_blocked, id=7148, stack(0x00000004f1500000,0x00000004f1600000)]
  0x000001afde019090 JavaThread "Signal Dispatcher" daemon [_thread_blocked, id=1148, stack(0x00000004f1600000,0x00000004f1700000)]
  0x000001afde019a50 JavaThread "Attach Listener" daemon [_thread_blocked, id=8924, stack(0x00000004f1700000,0x00000004f1800000)]
  0x000001afde01a600 JavaThread "Service Thread" daemon [_thread_blocked, id=2116, stack(0x00000004f1800000,0x00000004f1900000)]
  0x000001afde01cfc0 JavaThread "Monitor Deflation Thread" daemon [_thread_blocked, id=7952, stack(0x00000004f1900000,0x00000004f1a00000)]
  0x000001afde01dca0 JavaThread "C2 CompilerThread0" daemon [_thread_in_native, id=4204, stack(0x00000004f1a00000,0x00000004f1b00000)]
  0x000001afde0266a0 JavaThread "C1 CompilerThread0" daemon [_thread_in_native, id=6536, stack(0x00000004f1b00000,0x00000004f1c00000)]
  0x000001afde02d9b0 JavaThread "Sweeper thread" daemon [_thread_blocked, id=6680, stack(0x00000004f1c00000,0x00000004f1d00000)]
  0x000001afde1b2030 JavaThread "Common-Cleaner" daemon [_thread_blocked, id=7424, stack(0x00000004f1d00000,0x00000004f1e00000)]
  0x000001afde1be530 JavaThread "Notification Thread" daemon [_thread_blocked, id=1132, stack(0x00000004f1e00000,0x00000004f1f00000)]
  0x000001afde236940 JavaThread "mysql-cj-abandoned-connection-cleanup" daemon [_thread_blocked, id=9616, stack(0x00000004f2000000,0x00000004f2100000)]
=>0x000001afde45c3a0 JavaThread "C2 CompilerThread1" daemon [_thread_in_native, id=4184, stack(0x00000004f2100000,0x00000004f2200000)]
  0x000001afde4ae1b0 JavaThread "RMI TCP Accept-17906" daemon [_thread_in_native, id=5292, stack(0x00000004f2200000,0x00000004f2300000)]
  0x000001afde4ad080 JavaThread "RMI TCP Accept-0" daemon [_thread_in_native, id=10004, stack(0x00000004f2300000,0x00000004f2400000)]
  0x000001afde585010 JavaThread "RMI Reaper" [_thread_blocked, id=9752, stack(0x00000004f2400000,0x00000004f2500000)]
  0x000001afde5874f0 JavaThread "RMI GC Daemon" daemon [_thread_blocked, id=672, stack(0x00000004f2500000,0x00000004f2600000)]
  0x000001afde58bc50 JavaThread "RMI TCP Connection(1)-127.0.0.1" daemon [_thread_in_native, id=6056, stack(0x00000004f2600000,0x00000004f2700000)]
  0x000001afde58c120 JavaThread "RMI TCP Connection(2)-127.0.0.1" daemon [_thread_in_native, id=3572, stack(0x00000004f2700000,0x00000004f2800000)]
  0x000001afde688650 JavaThread "RMI TCP Connection(3)-127.0.0.1" daemon [_thread_in_native, id=2484, stack(0x00000004f2800000,0x00000004f2900000)]
  0x000001afde687310 JavaThread "RMI TCP Connection(4)-127.0.0.1" daemon [_thread_in_vm, id=3580, stack(0x00000004f2900000,0x00000004f2a00000)]
  0x000001afde6894c0 JavaThread "RMI Scheduler(0)" daemon [_thread_blocked, id=9996, stack(0x00000004f2a00000,0x00000004f2b00000)]
  0x000001afde689990 JavaThread "RMI RenewClean-[127.0.0.1:53220]" daemon [_thread_blocked, id=9176, stack(0x00000004f2b00000,0x00000004f2c00000)]

Other Threads:
  0x000001afdd5f86a0 VMThread "VM Thread" [stack: 0x00000004f1300000,0x00000004f1400000] [id=9304]
  0x000001afc6e9b260 WatcherThread [stack: 0x00000004f1f00000,0x00000004f2000000] [id=3056]
  0x000001afc6e82080 GCTaskThread "GC Thread#0" [stack: 0x00000004f0e00000,0x00000004f0f00000] [id=2824]
  0x000001afde79e210 GCTaskThread "GC Thread#1" [stack: 0x00000004f2c00000,0x00000004f2d00000] [id=3400]
  0x000001afde63c630 GCTaskThread "GC Thread#2" [stack: 0x00000004f2d00000,0x00000004f2e00000] [id=6812]
  0x000001afde8395a0 GCTaskThread "GC Thread#3" [stack: 0x00000004f2e00000,0x00000004f2f00000] [id=9768]
  0x000001afc6e88d80 ConcurrentGCThread "G1 Main Marker" [stack: 0x00000004f0f00000,0x00000004f1000000] [id=1640]
  0x000001afc6e8a350 ConcurrentGCThread "G1 Conc#0" [stack: 0x00000004f1000000,0x00000004f1100000] [id=3460]
  0x000001afc6f02210 ConcurrentGCThread "G1 Refine#0" [stack: 0x00000004f1100000,0x00000004f1200000] [id=6900]
  0x000001afde894600 ConcurrentGCThread "G1 Refine#1" [stack: 0x00000004f2f00000,0x00000004f3000000] [id=8816]
  0x000001afc6f02c30 ConcurrentGCThread "G1 Service" [stack: 0x00000004f1200000,0x00000004f1300000] [id=3540]

Threads with active compile tasks:
C2 CompilerThread0     1438 1612       4       jdk.internal.org.objectweb.asm.Frame::execute (2305 bytes)
C1 CompilerThread0     1438 1677       3       jdk.internal.org.objectweb.asm.SymbolTable::addConstant (330 bytes)
C2 CompilerThread1     1438 1668       4       jdk.internal.org.objectweb.asm.SymbolTable::addConstantUtf8Reference (101 bytes)

VM state: not at safepoint (normal execution)

VM Mutex/Monitor currently owned by a thread: None

Heap address: 0x00000000d1200000, size: 750 MB, Compressed Oops mode: 32-bit

CDS archive(s) not mapped
Compressed class space mapped at: 0x0000000100000000-0x0000000140000000, reserved size: 1073741824
Narrow klass base: 0x0000000000000000, Narrow klass shift: 3, Narrow klass range: 0x140000000

GC Precious Log:
 CPUs: 4 total, 4 available
 Memory: 7750M
 Large Page Support: Disabled
 NUMA Support: Disabled
 Compressed Oops: Enabled (32-bit)
 Heap Region Size: 1M
 Heap Min Capacity: 128M
 Heap Initial Capacity: 128M
 Heap Max Capacity: 750M
 Pre-touch: Disabled
 Parallel Workers: 4
 Concurrent Workers: 1
 Concurrent Refinement Workers: 4
 Periodic GC: Disabled

Heap:
 garbage-first heap   total 131072K, used 9026K [0x00000000d1200000, 0x0000000100000000)
  region size 1024K, 6 young (6144K), 2 survivors (2048K)
 Metaspace       used 22106K, committed 22336K, reserved 1073152K
  class space    used 2370K, committed 2496K, reserved 1048576K

Heap Regions: E=young(eden), S=young(survivor), O=old, HS=humongous(starts), HC=humongous(continues), CS=collection set, F=free, OA=open archive, CA=closed archive, TAMS=top-at-mark-start (previous, next)
|   0|0x00000000d1200000, 0x00000000d1300000, 0x00000000d1300000|100%| O|  |TAMS 0x00000000d1300000, 0x00000000d1200000| Untracked 
|   1|0x00000000d1300000, 0x00000000d1400000, 0x00000000d1400000|100%| O|  |TAMS 0x00000000d13e4600, 0x00000000d1300000| Untracked 
|   2|0x00000000d1400000, 0x00000000d1500000, 0x00000000d1500000|100%| O|  |TAMS 0x00000000d1400000, 0x00000000d1400000| Untracked 
|   3|0x00000000d1500000, 0x00000000d15fb400, 0x00000000d1600000| 98%| O|  |TAMS 0x00000000d1500000, 0x00000000d1500000| Untracked 
|   4|0x00000000d1600000, 0x00000000d1600000, 0x00000000d1700000|  0%| F|  |TAMS 0x00000000d1600000, 0x00000000d1600000| Untracked 
|   5|0x00000000d1700000, 0x00000000d1700000, 0x00000000d1800000|  0%| F|  |TAMS 0x00000000d1700000, 0x00000000d1700000| Untracked 
|   6|0x00000000d1800000, 0x00000000d1800000, 0x00000000d1900000|  0%| F|  |TAMS 0x00000000d1800000, 0x00000000d1800000| Untracked 
|   7|0x00000000d1900000, 0x00000000d1900000, 0x00000000d1a00000|  0%| F|  |TAMS 0x00000000d1900000, 0x00000000d1900000| Untracked 
|   8|0x00000000d1a00000, 0x00000000d1a00000, 0x00000000d1b00000|  0%| F|  |TAMS 0x00000000d1a00000, 0x00000000d1a00000| Untracked 
|   9|0x00000000d1b00000, 0x00000000d1b00000, 0x00000000d1c00000|  0%| F|  |TAMS 0x00000000d1b00000, 0x00000000d1b00000| Untracked 
|  10|0x00000000d1c00000, 0x00000000d1c00000, 0x00000000d1d00000|  0%| F|  |TAMS 0x00000000d1c00000, 0x00000000d1c00000| Untracked 
|  11|0x00000000d1d00000, 0x00000000d1d00000, 0x00000000d1e00000|  0%| F|  |TAMS 0x00000000d1d00000, 0x00000000d1d00000| Untracked 
|  12|0x00000000d1e00000, 0x00000000d1e00000, 0x00000000d1f00000|  0%| F|  |TAMS 0x00000000d1e00000, 0x00000000d1e00000| Untracked 
|  13|0x00000000d1f00000, 0x00000000d1f00000, 0x00000000d2000000|  0%| F|  |TAMS 0x00000000d1f00000, 0x00000000d1f00000| Untracked 
|  14|0x00000000d2000000, 0x00000000d2000000, 0x00000000d2100000|  0%| F|  |TAMS 0x00000000d2000000, 0x00000000d2000000| Untracked 
|  15|0x00000000d2100000, 0x00000000d2100000, 0x00000000d2200000|  0%| F|  |TAMS 0x00000000d2100000, 0x00000000d2100000| Untracked 
|  16|0x00000000d2200000, 0x00000000d2200000, 0x00000000d2300000|  0%| F|  |TAMS 0x00000000d2200000, 0x00000000d2200000| Untracked 
|  17|0x00000000d2300000, 0x00000000d2300000, 0x00000000d2400000|  0%| F|  |TAMS 0x00000000d2300000, 0x00000000d2300000| Untracked 
|  18|0x00000000d2400000, 0x00000000d2400000, 0x00000000d2500000|  0%| F|  |TAMS 0x00000000d2400000, 0x00000000d2400000| Untracked 
|  19|0x00000000d2500000, 0x00000000d2500000, 0x00000000d2600000|  0%| F|  |TAMS 0x00000000d2500000, 0x00000000d2500000| Untracked 
|  20|0x00000000d2600000, 0x00000000d2600000, 0x00000000d2700000|  0%| F|  |TAMS 0x00000000d2600000, 0x00000000d2600000| Untracked 
|  21|0x00000000d2700000, 0x00000000d2700000, 0x00000000d2800000|  0%| F|  |TAMS 0x00000000d2700000, 0x00000000d2700000| Untracked 
|  22|0x00000000d2800000, 0x00000000d2800000, 0x00000000d2900000|  0%| F|  |TAMS 0x00000000d2800000, 0x00000000d2800000| Untracked 
|  23|0x00000000d2900000, 0x00000000d2900000, 0x00000000d2a00000|  0%| F|  |TAMS 0x00000000d2900000, 0x00000000d2900000| Untracked 
|  24|0x00000000d2a00000, 0x00000000d2a00000, 0x00000000d2b00000|  0%| F|  |TAMS 0x00000000d2a00000, 0x00000000d2a00000| Untracked 
|  25|0x00000000d2b00000, 0x00000000d2b00000, 0x00000000d2c00000|  0%| F|  |TAMS 0x00000000d2b00000, 0x00000000d2b00000| Untracked 
|  26|0x00000000d2c00000, 0x00000000d2c00000, 0x00000000d2d00000|  0%| F|  |TAMS 0x00000000d2c00000, 0x00000000d2c00000| Untracked 
|  27|0x00000000d2d00000, 0x00000000d2d00000, 0x00000000d2e00000|  0%| F|  |TAMS 0x00000000d2d00000, 0x00000000d2d00000| Untracked 
|  28|0x00000000d2e00000, 0x00000000d2e00000, 0x00000000d2f00000|  0%| F|  |TAMS 0x00000000d2e00000, 0x00000000d2e00000| Untracked 
|  29|0x00000000d2f00000, 0x00000000d2f00000, 0x00000000d3000000|  0%| F|  |TAMS 0x00000000d2f00000, 0x00000000d2f00000| Untracked 
|  30|0x00000000d3000000, 0x00000000d3000000, 0x00000000d3100000|  0%| F|  |TAMS 0x00000000d3000000, 0x00000000d3000000| Untracked 
|  31|0x00000000d3100000, 0x00000000d3100000, 0x00000000d3200000|  0%| F|  |TAMS 0x00000000d3100000, 0x00000000d3100000| Untracked 
|  32|0x00000000d3200000, 0x00000000d3200000, 0x00000000d3300000|  0%| F|  |TAMS 0x00000000d3200000, 0x00000000d3200000| Untracked 
|  33|0x00000000d3300000, 0x00000000d3300000, 0x00000000d3400000|  0%| F|  |TAMS 0x00000000d3300000, 0x00000000d3300000| Untracked 
|  34|0x00000000d3400000, 0x00000000d3400000, 0x00000000d3500000|  0%| F|  |TAMS 0x00000000d3400000, 0x00000000d3400000| Untracked 
|  35|0x00000000d3500000, 0x00000000d3500000, 0x00000000d3600000|  0%| F|  |TAMS 0x00000000d3500000, 0x00000000d3500000| Untracked 
|  36|0x00000000d3600000, 0x00000000d3600000, 0x00000000d3700000|  0%| F|  |TAMS 0x00000000d3600000, 0x00000000d3600000| Untracked 
|  37|0x00000000d3700000, 0x00000000d3700000, 0x00000000d3800000|  0%| F|  |TAMS 0x00000000d3700000, 0x00000000d3700000| Untracked 
|  38|0x00000000d3800000, 0x00000000d3800000, 0x00000000d3900000|  0%| F|  |TAMS 0x00000000d3800000, 0x00000000d3800000| Untracked 
|  39|0x00000000d3900000, 0x00000000d3900000, 0x00000000d3a00000|  0%| F|  |TAMS 0x00000000d3900000, 0x00000000d3900000| Untracked 
|  40|0x00000000d3a00000, 0x00000000d3a00000, 0x00000000d3b00000|  0%| F|  |TAMS 0x00000000d3a00000, 0x00000000d3a00000| Untracked 
|  41|0x00000000d3b00000, 0x00000000d3b00000, 0x00000000d3c00000|  0%| F|  |TAMS 0x00000000d3b00000, 0x00000000d3b00000| Untracked 
|  42|0x00000000d3c00000, 0x00000000d3c00000, 0x00000000d3d00000|  0%| F|  |TAMS 0x00000000d3c00000, 0x00000000d3c00000| Untracked 
|  43|0x00000000d3d00000, 0x00000000d3d00000, 0x00000000d3e00000|  0%| F|  |TAMS 0x00000000d3d00000, 0x00000000d3d00000| Untracked 
|  44|0x00000000d3e00000, 0x00000000d3e00000, 0x00000000d3f00000|  0%| F|  |TAMS 0x00000000d3e00000, 0x00000000d3e00000| Untracked 
|  45|0x00000000d3f00000, 0x00000000d3f00000, 0x00000000d4000000|  0%| F|  |TAMS 0x00000000d3f00000, 0x00000000d3f00000| Untracked 
|  46|0x00000000d4000000, 0x00000000d4000000, 0x00000000d4100000|  0%| F|  |TAMS 0x00000000d4000000, 0x00000000d4000000| Untracked 
|  47|0x00000000d4100000, 0x00000000d4100000, 0x00000000d4200000|  0%| F|  |TAMS 0x00000000d4100000, 0x00000000d4100000| Untracked 
|  48|0x00000000d4200000, 0x00000000d4200000, 0x00000000d4300000|  0%| F|  |TAMS 0x00000000d4200000, 0x00000000d4200000| Untracked 
|  49|0x00000000d4300000, 0x00000000d4300000, 0x00000000d4400000|  0%| F|  |TAMS 0x00000000d4300000, 0x00000000d4300000| Untracked 
|  50|0x00000000d4400000, 0x00000000d4400000, 0x00000000d4500000|  0%| F|  |TAMS 0x00000000d4400000, 0x00000000d4400000| Untracked 
|  51|0x00000000d4500000, 0x00000000d4500000, 0x00000000d4600000|  0%| F|  |TAMS 0x00000000d4500000, 0x00000000d4500000| Untracked 
|  52|0x00000000d4600000, 0x00000000d4600000, 0x00000000d4700000|  0%| F|  |TAMS 0x00000000d4600000, 0x00000000d4600000| Untracked 
|  53|0x00000000d4700000, 0x00000000d4700000, 0x00000000d4800000|  0%| F|  |TAMS 0x00000000d4700000, 0x00000000d4700000| Untracked 
|  54|0x00000000d4800000, 0x00000000d4800000, 0x00000000d4900000|  0%| F|  |TAMS 0x00000000d4800000, 0x00000000d4800000| Untracked 
|  55|0x00000000d4900000, 0x00000000d4900000, 0x00000000d4a00000|  0%| F|  |TAMS 0x00000000d4900000, 0x00000000d4900000| Untracked 
|  56|0x00000000d4a00000, 0x00000000d4a00000, 0x00000000d4b00000|  0%| F|  |TAMS 0x00000000d4a00000, 0x00000000d4a00000| Untracked 
|  57|0x00000000d4b00000, 0x00000000d4b00000, 0x00000000d4c00000|  0%| F|  |TAMS 0x00000000d4b00000, 0x00000000d4b00000| Untracked 
|  58|0x00000000d4c00000, 0x00000000d4c00000, 0x00000000d4d00000|  0%| F|  |TAMS 0x00000000d4c00000, 0x00000000d4c00000| Untracked 
|  59|0x00000000d4d00000, 0x00000000d4d00000, 0x00000000d4e00000|  0%| F|  |TAMS 0x00000000d4d00000, 0x00000000d4d00000| Untracked 
|  60|0x00000000d4e00000, 0x00000000d4e00000, 0x00000000d4f00000|  0%| F|  |TAMS 0x00000000d4e00000, 0x00000000d4e00000| Untracked 
|  61|0x00000000d4f00000, 0x00000000d4f00000, 0x00000000d5000000|  0%| F|  |TAMS 0x00000000d4f00000, 0x00000000d4f00000| Untracked 
|  62|0x00000000d5000000, 0x00000000d5000000, 0x00000000d5100000|  0%| F|  |TAMS 0x00000000d5000000, 0x00000000d5000000| Untracked 
|  63|0x00000000d5100000, 0x00000000d5100000, 0x00000000d5200000|  0%| F|  |TAMS 0x00000000d5100000, 0x00000000d5100000| Untracked 
|  64|0x00000000d5200000, 0x00000000d5200000, 0x00000000d5300000|  0%| F|  |TAMS 0x00000000d5200000, 0x00000000d5200000| Untracked 
|  65|0x00000000d5300000, 0x00000000d5300000, 0x00000000d5400000|  0%| F|  |TAMS 0x00000000d5300000, 0x00000000d5300000| Untracked 
|  66|0x00000000d5400000, 0x00000000d5400000, 0x00000000d5500000|  0%| F|  |TAMS 0x00000000d5400000, 0x00000000d5400000| Untracked 
|  67|0x00000000d5500000, 0x00000000d5500000, 0x00000000d5600000|  0%| F|  |TAMS 0x00000000d5500000, 0x00000000d5500000| Untracked 
|  68|0x00000000d5600000, 0x00000000d5600000, 0x00000000d5700000|  0%| F|  |TAMS 0x00000000d5600000, 0x00000000d5600000| Untracked 
|  69|0x00000000d5700000, 0x00000000d5700000, 0x00000000d5800000|  0%| F|  |TAMS 0x00000000d5700000, 0x00000000d5700000| Untracked 
|  70|0x00000000d5800000, 0x00000000d5800000, 0x00000000d5900000|  0%| F|  |TAMS 0x00000000d5800000, 0x00000000d5800000| Untracked 
|  71|0x00000000d5900000, 0x00000000d5900000, 0x00000000d5a00000|  0%| F|  |TAMS 0x00000000d5900000, 0x00000000d5900000| Untracked 
|  72|0x00000000d5a00000, 0x00000000d5a00000, 0x00000000d5b00000|  0%| F|  |TAMS 0x00000000d5a00000, 0x00000000d5a00000| Untracked 
|  73|0x00000000d5b00000, 0x00000000d5b00000, 0x00000000d5c00000|  0%| F|  |TAMS 0x00000000d5b00000, 0x00000000d5b00000| Untracked 
|  74|0x00000000d5c00000, 0x00000000d5c00000, 0x00000000d5d00000|  0%| F|  |TAMS 0x00000000d5c00000, 0x00000000d5c00000| Untracked 
|  75|0x00000000d5d00000, 0x00000000d5d00000, 0x00000000d5e00000|  0%| F|  |TAMS 0x00000000d5d00000, 0x00000000d5d00000| Untracked 
|  76|0x00000000d5e00000, 0x00000000d5e00000, 0x00000000d5f00000|  0%| F|  |TAMS 0x00000000d5e00000, 0x00000000d5e00000| Untracked 
|  77|0x00000000d5f00000, 0x00000000d5f00000, 0x00000000d6000000|  0%| F|  |TAMS 0x00000000d5f00000, 0x00000000d5f00000| Untracked 
|  78|0x00000000d6000000, 0x00000000d6000000, 0x00000000d6100000|  0%| F|  |TAMS 0x00000000d6000000, 0x00000000d6000000| Untracked 
|  79|0x00000000d6100000, 0x00000000d6100000, 0x00000000d6200000|  0%| F|  |TAMS 0x00000000d6100000, 0x00000000d6100000| Untracked 
|  80|0x00000000d6200000, 0x00000000d6200000, 0x00000000d6300000|  0%| F|  |TAMS 0x00000000d6200000, 0x00000000d6200000| Untracked 
|  81|0x00000000d6300000, 0x00000000d6300000, 0x00000000d6400000|  0%| F|  |TAMS 0x00000000d6300000, 0x00000000d6300000| Untracked 
|  82|0x00000000d6400000, 0x00000000d6400000, 0x00000000d6500000|  0%| F|  |TAMS 0x00000000d6400000, 0x00000000d6400000| Untracked 
|  83|0x00000000d6500000, 0x00000000d6500000, 0x00000000d6600000|  0%| F|  |TAMS 0x00000000d6500000, 0x00000000d6500000| Untracked 
|  84|0x00000000d6600000, 0x00000000d6600000, 0x00000000d6700000|  0%| F|  |TAMS 0x00000000d6600000, 0x00000000d6600000| Untracked 
|  85|0x00000000d6700000, 0x00000000d6700000, 0x00000000d6800000|  0%| F|  |TAMS 0x00000000d6700000, 0x00000000d6700000| Untracked 
|  86|0x00000000d6800000, 0x00000000d6800000, 0x00000000d6900000|  0%| F|  |TAMS 0x00000000d6800000, 0x00000000d6800000| Untracked 
|  87|0x00000000d6900000, 0x00000000d6900000, 0x00000000d6a00000|  0%| F|  |TAMS 0x00000000d6900000, 0x00000000d6900000| Untracked 
|  88|0x00000000d6a00000, 0x00000000d6a00000, 0x00000000d6b00000|  0%| F|  |TAMS 0x00000000d6a00000, 0x00000000d6a00000| Untracked 
|  89|0x00000000d6b00000, 0x00000000d6b00000, 0x00000000d6c00000|  0%| F|  |TAMS 0x00000000d6b00000, 0x00000000d6b00000| Untracked 
|  90|0x00000000d6c00000, 0x00000000d6c00000, 0x00000000d6d00000|  0%| F|  |TAMS 0x00000000d6c00000, 0x00000000d6c00000| Untracked 
|  91|0x00000000d6d00000, 0x00000000d6d00000, 0x00000000d6e00000|  0%| F|  |TAMS 0x00000000d6d00000, 0x00000000d6d00000| Untracked 
|  92|0x00000000d6e00000, 0x00000000d6e00000, 0x00000000d6f00000|  0%| F|  |TAMS 0x00000000d6e00000, 0x00000000d6e00000| Untracked 
|  93|0x00000000d6f00000, 0x00000000d6f00000, 0x00000000d7000000|  0%| F|  |TAMS 0x00000000d6f00000, 0x00000000d6f00000| Untracked 
|  94|0x00000000d7000000, 0x00000000d7000000, 0x00000000d7100000|  0%| F|  |TAMS 0x00000000d7000000, 0x00000000d7000000| Untracked 
|  95|0x00000000d7100000, 0x00000000d7100000, 0x00000000d7200000|  0%| F|  |TAMS 0x00000000d7100000, 0x00000000d7100000| Untracked 
|  96|0x00000000d7200000, 0x00000000d7200000, 0x00000000d7300000|  0%| F|  |TAMS 0x00000000d7200000, 0x00000000d7200000| Untracked 
|  97|0x00000000d7300000, 0x00000000d7300000, 0x00000000d7400000|  0%| F|  |TAMS 0x00000000d7300000, 0x00000000d7300000| Untracked 
|  98|0x00000000d7400000, 0x00000000d7400000, 0x00000000d7500000|  0%| F|  |TAMS 0x00000000d7400000, 0x00000000d7400000| Untracked 
|  99|0x00000000d7500000, 0x00000000d7500000, 0x00000000d7600000|  0%| F|  |TAMS 0x00000000d7500000, 0x00000000d7500000| Untracked 
| 100|0x00000000d7600000, 0x00000000d7600000, 0x00000000d7700000|  0%| F|  |TAMS 0x00000000d7600000, 0x00000000d7600000| Untracked 
| 101|0x00000000d7700000, 0x00000000d7700000, 0x00000000d7800000|  0%| F|  |TAMS 0x00000000d7700000, 0x00000000d7700000| Untracked 
| 102|0x00000000d7800000, 0x00000000d7800000, 0x00000000d7900000|  0%| F|  |TAMS 0x00000000d7800000, 0x00000000d7800000| Untracked 
| 103|0x00000000d7900000, 0x00000000d7900000, 0x00000000d7a00000|  0%| F|  |TAMS 0x00000000d7900000, 0x00000000d7900000| Untracked 
| 104|0x00000000d7a00000, 0x00000000d7a00000, 0x00000000d7b00000|  0%| F|  |TAMS 0x00000000d7a00000, 0x00000000d7a00000| Untracked 
| 105|0x00000000d7b00000, 0x00000000d7b00000, 0x00000000d7c00000|  0%| F|  |TAMS 0x00000000d7b00000, 0x00000000d7b00000| Untracked 
| 106|0x00000000d7c00000, 0x00000000d7c00000, 0x00000000d7d00000|  0%| F|  |TAMS 0x00000000d7c00000, 0x00000000d7c00000| Untracked 
| 107|0x00000000d7d00000, 0x00000000d7d00000, 0x00000000d7e00000|  0%| F|  |TAMS 0x00000000d7d00000, 0x00000000d7d00000| Untracked 
| 108|0x00000000d7e00000, 0x00000000d7e00000, 0x00000000d7f00000|  0%| F|  |TAMS 0x00000000d7e00000, 0x00000000d7e00000| Untracked 
| 109|0x00000000d7f00000, 0x00000000d7f00000, 0x00000000d8000000|  0%| F|  |TAMS 0x00000000d7f00000, 0x00000000d7f00000| Untracked 
| 110|0x00000000d8000000, 0x00000000d8000000, 0x00000000d8100000|  0%| F|  |TAMS 0x00000000d8000000, 0x00000000d8000000| Untracked 
| 111|0x00000000d8100000, 0x00000000d8100000, 0x00000000d8200000|  0%| F|  |TAMS 0x00000000d8100000, 0x00000000d8100000| Untracked 
| 112|0x00000000d8200000, 0x00000000d8200000, 0x00000000d8300000|  0%| F|  |TAMS 0x00000000d8200000, 0x00000000d8200000| Untracked 
| 113|0x00000000d8300000, 0x00000000d8300000, 0x00000000d8400000|  0%| F|  |TAMS 0x00000000d8300000, 0x00000000d8300000| Untracked 
| 114|0x00000000d8400000, 0x00000000d8400000, 0x00000000d8500000|  0%| F|  |TAMS 0x00000000d8400000, 0x00000000d8400000| Untracked 
| 115|0x00000000d8500000, 0x00000000d85d5660, 0x00000000d8600000| 83%| S|CS|TAMS 0x00000000d8500000, 0x00000000d8500000| Complete 
| 116|0x00000000d8600000, 0x00000000d8700000, 0x00000000d8700000|100%| S|CS|TAMS 0x00000000d8600000, 0x00000000d8600000| Complete 
| 117|0x00000000d8700000, 0x00000000d8700000, 0x00000000d8800000|  0%| F|  |TAMS 0x00000000d8700000, 0x00000000d8700000| Untracked 
| 118|0x00000000d8800000, 0x00000000d8800000, 0x00000000d8900000|  0%| F|  |TAMS 0x00000000d8800000, 0x00000000d8800000| Untracked 
| 119|0x00000000d8900000, 0x00000000d8900000, 0x00000000d8a00000|  0%| F|  |TAMS 0x00000000d8900000, 0x00000000d8900000| Untracked 
| 120|0x00000000d8a00000, 0x00000000d8a00000, 0x00000000d8b00000|  0%| F|  |TAMS 0x00000000d8a00000, 0x00000000d8a00000| Untracked 
| 121|0x00000000d8b00000, 0x00000000d8b00000, 0x00000000d8c00000|  0%| F|  |TAMS 0x00000000d8b00000, 0x00000000d8b00000| Untracked 
| 122|0x00000000d8c00000, 0x00000000d8c00000, 0x00000000d8d00000|  0%| F|  |TAMS 0x00000000d8c00000, 0x00000000d8c00000| Untracked 
| 123|0x00000000d8d00000, 0x00000000d8d00000, 0x00000000d8e00000|  0%| F|  |TAMS 0x00000000d8d00000, 0x00000000d8d00000| Untracked 
| 124|0x00000000d8e00000, 0x00000000d8e4eef8, 0x00000000d8f00000| 30%| E|  |TAMS 0x00000000d8e00000, 0x00000000d8e00000| Complete 
| 125|0x00000000d8f00000, 0x00000000d9000000, 0x00000000d9000000|100%| E|CS|TAMS 0x00000000d8f00000, 0x00000000d8f00000| Complete 
| 126|0x00000000d9000000, 0x00000000d9100000, 0x00000000d9100000|100%| E|CS|TAMS 0x00000000d9000000, 0x00000000d9000000| Complete 
| 127|0x00000000d9100000, 0x00000000d9200000, 0x00000000d9200000|100%| E|CS|TAMS 0x00000000d9100000, 0x00000000d9100000| Complete 

Card table byte_map: [0x000001afd95b0000,0x000001afd9730000] _byte_map_base: 0x000001afd8f27000

Marking Bits (Prev, Next): (CMBitMap*) 0x000001afc6e826d0, (CMBitMap*) 0x000001afc6e82690
 Prev Bits: [0x000001afda470000, 0x000001afdb028000)
 Next Bits: [0x000001afd98b0000, 0x000001afda468000)

Polling page: 0x000001afc6610000

Metaspace:

Usage:
  Non-class:     19.27 MB used.
      Class:      2.31 MB used.
       Both:     21.59 MB used.

Virtual space:
  Non-class space:       24.00 MB reserved,      19.38 MB ( 81%) committed,  3 nodes.
      Class space:        1.00 GB reserved,       2.44 MB ( <1%) committed,  1 nodes.
             Both:        1.02 GB reserved,      21.81 MB (  2%) committed. 

Chunk freelists:
   Non-Class:  192.00 KB
       Class:  1.50 MB
        Both:  1.69 MB

MaxMetaspaceSize: unlimited
CompressedClassSpaceSize: 1.00 GB
Initial GC threshold: 21.00 MB
Current GC threshold: 35.13 MB
CDS: off
MetaspaceReclaimPolicy: balanced
 - commit_granule_bytes: 65536.
 - commit_granule_words: 8192.
 - virtual_space_node_default_size: 1048576.
 - enlarge_chunks_in_place: 1.
 - new_chunks_are_fully_committed: 0.
 - uncommit_free_chunks: 1.
 - use_allocation_guard: 0.
 - handle_deallocations: 1.


Internal statistics:

num_allocs_failed_limit: 3.
num_arena_births: 268.
num_arena_deaths: 18.
num_vsnodes_births: 4.
num_vsnodes_deaths: 0.
num_space_committed: 349.
num_space_uncommitted: 0.
num_chunks_returned_to_freelist: 27.
num_chunks_taken_from_freelist: 580.
num_chunk_merges: 4.
num_chunk_splits: 343.
num_chunks_enlarged: 189.
num_purges: 2.
num_inconsistent_stats: 0.

CodeHeap 'non-profiled nmethods': size=120000Kb used=541Kb max_used=541Kb free=119458Kb
 bounds [0x000001afd2080000, 0x000001afd22f0000, 0x000001afd95b0000]
CodeHeap 'profiled nmethods': size=120000Kb used=3085Kb max_used=3085Kb free=116914Kb
 bounds [0x000001afca5b0000, 0x000001afca8c0000, 0x000001afd1ae0000]
CodeHeap 'non-nmethods': size=5760Kb used=1239Kb max_used=1256Kb free=4520Kb
 bounds [0x000001afd1ae0000, 0x000001afd1d50000, 0x000001afd2080000]
 total_blobs=2217 nmethods=1668 adapters=462
 compilation: enabled
              stopped_count=0, restarted_count=0
 full_count=0

Compilation events (20 events):
Event: 1.379 Thread 0x000001afde0266a0 1655       3       java.lang.reflect.Proxy$ProxyBuilder::addElementTypes (33 bytes)
Event: 1.379 Thread 0x000001afde0266a0 nmethod 1655 0x000001afca8a1210 code [0x000001afca8a1420, 0x000001afca8a1ae8]
Event: 1.379 Thread 0x000001afde0266a0 1656       3       java.util.HashMap::afterNodeAccess (1 bytes)
Event: 1.380 Thread 0x000001afde0266a0 nmethod 1656 0x000001afca8a1e10 code [0x000001afca8a1fa0, 0x000001afca8a20b8]
Event: 1.380 Thread 0x000001afde0266a0 1654       1       java.lang.reflect.Method::getSharedExceptionTypes (5 bytes)
Event: 1.380 Thread 0x000001afde0266a0 nmethod 1654 0x000001afd2106a90 code [0x000001afd2106c20, 0x000001afd2106cf8]
Event: 1.380 Thread 0x000001afde0266a0 1652       3       java.lang.PublicMethods$MethodList::merge (192 bytes)
Event: 1.381 Thread 0x000001afde0266a0 nmethod 1652 0x000001afca8a2190 code [0x000001afca8a2400, 0x000001afca8a2ec8]
Event: 1.381 Thread 0x000001afde0266a0 1657       3       java.util.StringJoiner::checkAddLength (50 bytes)
Event: 1.381 Thread 0x000001afde0266a0 nmethod 1657 0x000001afca8a3290 code [0x000001afca8a3460, 0x000001afca8a3888]
Event: 1.381 Thread 0x000001afde0266a0 1658       3       java.util.StringJoiner::toString (53 bytes)
Event: 1.381 Thread 0x000001afde0266a0 nmethod 1658 0x000001afca8a3a90 code [0x000001afca8a3c40, 0x000001afca8a3e68]
Event: 1.381 Thread 0x000001afde0266a0 1659       3       java.lang.reflect.ProxyGenerator::checkReturnTypes (281 bytes)
Event: 1.384 Thread 0x000001afde0266a0 nmethod 1659 0x000001afca8a3f10 code [0x000001afca8a4440, 0x000001afca8a6b38]
Event: 1.384 Thread 0x000001afde0266a0 1660       3       jdk.internal.org.objectweb.asm.Type::getArgumentTypes (154 bytes)
Event: 1.384 Thread 0x000001afde45c3a0 1663       4       jdk.internal.org.objectweb.asm.ByteVector::put12 (64 bytes)
Event: 1.386 Thread 0x000001afde45c3a0 nmethod 1663 0x000001afd2106d90 code [0x000001afd2106f20, 0x000001afd21070c8]
Event: 1.386 Thread 0x000001afde45c3a0 1664       4       java.util.ArrayList$Itr::hasNext (20 bytes)
Event: 1.387 Thread 0x000001afde45c3a0 nmethod 1664 0x000001afd2107210 code [0x000001afd2107380, 0x000001afd2107418]
Event: 1.387 Thread 0x000001afde45c3a0 1668       4       jdk.internal.org.objectweb.asm.SymbolTable::addConstantUtf8Reference (101 bytes)

GC Heap History (4 events):
Event: 0.704 GC heap before
{Heap before GC invocations=0 (full 0):
 garbage-first heap   total 131072K, used 12288K [0x00000000d1200000, 0x0000000100000000)
  region size 1024K, 13 young (13312K), 0 survivors (0K)
 Metaspace       used 13448K, committed 13760K, reserved 1064960K
  class space    used 1404K, committed 1536K, reserved 1048576K
}
Event: 0.714 GC heap after
{Heap after GC invocations=1 (full 0):
 garbage-first heap   total 131072K, used 3985K [0x00000000d1200000, 0x0000000100000000)
  region size 1024K, 2 young (2048K), 2 survivors (2048K)
 Metaspace       used 13448K, committed 13760K, reserved 1064960K
  class space    used 1404K, committed 1536K, reserved 1048576K
}
Event: 1.244 GC heap before
{Heap before GC invocations=1 (full 0):
 garbage-first heap   total 131072K, used 14225K [0x00000000d1200000, 0x0000000100000000)
  region size 1024K, 13 young (13312K), 2 survivors (2048K)
 Metaspace       used 21229K, committed 21504K, reserved 1073152K
  class space    used 2290K, committed 2432K, reserved 1048576K
}
Event: 1.249 GC heap after
{Heap after GC invocations=2 (full 0):
 garbage-first heap   total 131072K, used 5954K [0x00000000d1200000, 0x0000000100000000)
  region size 1024K, 2 young (2048K), 2 survivors (2048K)
 Metaspace       used 21229K, committed 21504K, reserved 1073152K
  class space    used 2290K, committed 2432K, reserved 1048576K
}

Dll operation events (1 events):
Event: 0.007 Loaded shared library D:\IntelliJ IDEA 2023.1.2\jbr\bin\java.dll

Deoptimization events (20 events):
Event: 1.134 Thread 0x000001afde687310 Uncommon trap: trap_request=0xffffffbe fr.pc=0x000001afd20f0170 relative=0x00000000000002b0
Event: 1.134 Thread 0x000001afde687310 Uncommon trap: reason=profile_predicate action=maybe_recompile pc=0x000001afd20f0170 method=java.util.regex.Pattern$SliceI.match(Ljava/util/regex/Matcher;ILjava/lang/CharSequence;)Z @ 18 c2
Event: 1.134 Thread 0x000001afde687310 DEOPT PACKING pc=0x000001afd20f0170 sp=0x00000004f29fc9d0
Event: 1.134 Thread 0x000001afde687310 DEOPT UNPACKING pc=0x000001afd1b369a3 sp=0x00000004f29fc938 mode 2
Event: 1.134 Thread 0x000001afde687310 Uncommon trap: trap_request=0xffffffbe fr.pc=0x000001afd20f0170 relative=0x00000000000002b0
Event: 1.134 Thread 0x000001afde687310 Uncommon trap: reason=profile_predicate action=maybe_recompile pc=0x000001afd20f0170 method=java.util.regex.Pattern$SliceI.match(Ljava/util/regex/Matcher;ILjava/lang/CharSequence;)Z @ 18 c2
Event: 1.134 Thread 0x000001afde687310 DEOPT PACKING pc=0x000001afd20f0170 sp=0x00000004f29fc9d0
Event: 1.134 Thread 0x000001afde687310 DEOPT UNPACKING pc=0x000001afd1b369a3 sp=0x00000004f29fc938 mode 2
Event: 1.134 Thread 0x000001afde687310 Uncommon trap: trap_request=0xffffffbe fr.pc=0x000001afd20f0170 relative=0x00000000000002b0
Event: 1.134 Thread 0x000001afde687310 Uncommon trap: reason=profile_predicate action=maybe_recompile pc=0x000001afd20f0170 method=java.util.regex.Pattern$SliceI.match(Ljava/util/regex/Matcher;ILjava/lang/CharSequence;)Z @ 18 c2
Event: 1.134 Thread 0x000001afde687310 DEOPT PACKING pc=0x000001afd20f0170 sp=0x00000004f29fc9d0
Event: 1.134 Thread 0x000001afde687310 DEOPT UNPACKING pc=0x000001afd1b369a3 sp=0x00000004f29fc938 mode 2
Event: 1.224 Thread 0x000001afde687310 Uncommon trap: trap_request=0xffffffc6 fr.pc=0x000001afd20f47ac relative=0x000000000000046c
Event: 1.224 Thread 0x000001afde687310 Uncommon trap: reason=bimorphic_or_optimized_type_check action=maybe_recompile pc=0x000001afd20f47ac method=java.util.regex.Pattern$SliceI.match(Ljava/util/regex/Matcher;ILjava/lang/CharSequence;)Z @ 92 c2
Event: 1.224 Thread 0x000001afde687310 DEOPT PACKING pc=0x000001afd20f47ac sp=0x00000004f29fdd70
Event: 1.224 Thread 0x000001afde687310 DEOPT UNPACKING pc=0x000001afd1b369a3 sp=0x00000004f29fdd08 mode 2
Event: 1.307 Thread 0x000001afde687310 Uncommon trap: trap_request=0xffffff45 fr.pc=0x000001afd20ad4f0 relative=0x00000000000005d0
Event: 1.307 Thread 0x000001afde687310 Uncommon trap: reason=unstable_if action=reinterpret pc=0x000001afd20ad4f0 method=java.lang.AbstractStringBuilder.append(Ljava/lang/String;)Ljava/lang/AbstractStringBuilder; @ 1 c2
Event: 1.307 Thread 0x000001afde687310 DEOPT PACKING pc=0x000001afd20ad4f0 sp=0x00000004f29fdf40
Event: 1.307 Thread 0x000001afde687310 DEOPT UNPACKING pc=0x000001afd1b369a3 sp=0x00000004f29fded0 mode 2

Classes unloaded (9 events):
Event: 1.257 Thread 0x000001afdd5f86a0 Unloading class 0x0000000100113c00 'jdk/internal/reflect/GeneratedSerializationConstructorAccessor15'
Event: 1.257 Thread 0x000001afdd5f86a0 Unloading class 0x0000000100113400 'jdk/internal/reflect/GeneratedSerializationConstructorAccessor13'
Event: 1.257 Thread 0x000001afdd5f86a0 Unloading class 0x0000000100112800 'jdk/internal/reflect/GeneratedSerializationConstructorAccessor10'
Event: 1.257 Thread 0x000001afdd5f86a0 Unloading class 0x0000000100111c00 'jdk/internal/reflect/GeneratedSerializationConstructorAccessor7'
Event: 1.257 Thread 0x000001afdd5f86a0 Unloading class 0x0000000100111800 'jdk/internal/reflect/GeneratedSerializationConstructorAccessor5'
Event: 1.257 Thread 0x000001afdd5f86a0 Unloading class 0x0000000100110400 'jdk/internal/reflect/GeneratedSerializationConstructorAccessor1'
Event: 1.257 Thread 0x000001afdd5f86a0 Unloading class 0x000000010010f400 'java/lang/invoke/LambdaForm$MH+0x000000010010f400'
Event: 1.257 Thread 0x000001afdd5f86a0 Unloading class 0x000000010010ec00 'java/lang/invoke/LambdaForm$MH+0x000000010010ec00'
Event: 1.257 Thread 0x000001afdd5f86a0 Unloading class 0x000000010010e400 'java/lang/invoke/LambdaForm$MH+0x000000010010e400'

Classes redefined (0 events):
No events

Internal exceptions (20 events):
Event: 0.288 Thread 0x000001afc6e4bfd0 Exception <a 'java/lang/NoSuchMethodError'{0x00000000d8d75aa0}: 'java.lang.Object java.lang.invoke.DirectMethodHandle$Holder.invokeStaticInit(java.lang.Object)'> (0x00000000d8d75aa0) 
thrown [s\src\hotspot\share\interpreter\linkResolver.cpp, line 771]
Event: 0.334 Thread 0x000001afc6e4bfd0 Exception <a 'java/lang/NoSuchMethodError'{0x00000000d8df9560}: 'java.lang.Object java.lang.invoke.DirectMethodHandle$Holder.invokeStaticInit(java.lang.Object, int, int, int, int)'> (0x00000000d8df9560) 
thrown [s\src\hotspot\share\interpreter\linkResolver.cpp, line 771]
Event: 0.395 Thread 0x000001afc6e4bfd0 Exception <a 'java/lang/NoSuchMethodError'{0x00000000d8cd6138}: 'java.lang.Object java.lang.invoke.DirectMethodHandle$Holder.invokeStaticInit(java.lang.Object, java.lang.Object, int, int, int, int)'> (0x00000000d8cd6138) 
thrown [s\src\hotspot\share\interpreter\linkResolver.cpp, line 771]
Event: 0.503 Thread 0x000001afc6e4bfd0 Exception <a 'java/lang/NoSuchMethodError'{0x00000000d8add228}: 'java.lang.Object java.lang.invoke.Invokers$Holder.linkToTargetMethod(java.lang.Object, long, java.lang.Object)'> (0x00000000d8add228) 
thrown [s\src\hotspot\share\interpreter\linkResolver.cpp, line 771]
Event: 0.577 Thread 0x000001afde688650 Exception <a 'java/lang/NoSuchMethodError'{0x00000000d885d8a0}: static [B.<clinit>()V> (0x00000000d885d8a0) 
thrown [s\src\hotspot\share\prims\jni.cpp, line 1108]
Event: 0.577 Thread 0x000001afde687310 Exception <a 'java/lang/NoSuchMethodError'{0x00000000d88ab0c0}: static [B.<clinit>()V> (0x00000000d88ab0c0) 
thrown [s\src\hotspot\share\prims\jni.cpp, line 1108]
Event: 0.593 Thread 0x000001afde687310 Exception <a 'java/lang/NoSuchMethodError'{0x00000000d8710b28}: static [Ljava/rmi/server/ObjID;.<clinit>()V> (0x00000000d8710b28) 
thrown [s\src\hotspot\share\prims\jni.cpp, line 1108]
Event: 0.595 Thread 0x000001afde689990 Exception <a 'java/lang/InterruptedException'{0x00000000d8743110}> (0x00000000d8743110) 
thrown [s\src\hotspot\share\runtime\objectMonitor.cpp, line 1648]
Event: 0.595 Thread 0x000001afde687310 Exception <a 'java/lang/NoSuchMethodError'{0x00000000d8718340}: 'void java.lang.invoke.DirectMethodHandle$Holder.invokeSpecial(java.lang.Object, java.lang.Object, java.lang.Object)'> (0x00000000d8718340) 
thrown [s\src\hotspot\share\interpreter\linkResolver.cpp, line 771]
Event: 0.596 Thread 0x000001afde687310 Exception <a 'java/lang/NoSuchMethodError'{0x00000000d871b8a8}: 'void java.lang.invoke.Invokers$Holder.invoke_MT(java.lang.Object, java.lang.Object, java.lang.Object)'> (0x00000000d871b8a8) 
thrown [s\src\hotspot\share\interpreter\linkResolver.cpp, line 771]
Event: 0.596 Thread 0x000001afde689990 Exception <a 'java/lang/NoSuchMethodError'{0x00000000d874b8b0}: 'java.lang.Object java.lang.invoke.DirectMethodHandle$Holder.newInvokeSpecial(java.lang.Object, java.lang.Object, int, java.lang.Object, long)'> (0x00000000d874b8b0) 
thrown [s\src\hotspot\share\interpreter\linkResolver.cpp, line 771]
Event: 0.682 Thread 0x000001afde687310 Exception <a 'java/lang/NoSuchMethodError'{0x00000000d85b32d8}: 'java.lang.Object java.lang.invoke.DirectMethodHandle$Holder.invokeInterface(java.lang.Object, java.lang.Object)'> (0x00000000d85b32d8) 
thrown [s\src\hotspot\share\interpreter\linkResolver.cpp, line 771]
Event: 0.732 Thread 0x000001afde687310 Exception <a 'java/lang/NoSuchMethodError'{0x00000000d915b940}: 'java.lang.Object java.lang.invoke.DirectMethodHandle$Holder.invokeVirtual(java.lang.Object, java.lang.Object, java.lang.Object)'> (0x00000000d915b940) 
thrown [s\src\hotspot\share\interpreter\linkResolver.cpp, line 771]
Event: 0.835 Thread 0x000001afde687310 Exception <a 'java/lang/NoSuchMethodError'{0x00000000d8d79fb0}: 'void java.lang.invoke.DirectMethodHandle$Holder.invokeStaticInit(java.lang.Object, java.lang.Object)'> (0x00000000d8d79fb0) 
thrown [s\src\hotspot\share\interpreter\linkResolver.cpp, line 771]
Event: 0.931 Thread 0x000001afde687310 Exception <a 'sun/nio/fs/WindowsException'{0x00000000d8b54380}> (0x00000000d8b54380) 
thrown [s\src\hotspot\share\prims\jni.cpp, line 517]
Event: 0.944 Thread 0x000001afde687310 Exception <a 'java/lang/NoSuchMethodError'{0x00000000d8b78a98}: 'int java.lang.invoke.DirectMethodHandle$Holder.invokeStaticInit(java.lang.Object, java.lang.Object, java.lang.Object, java.lang.Object)'> (0x00000000d8b78a98) 
thrown [s\src\hotspot\share\interpreter\linkResolver.cpp, line 771]
Event: 0.945 Thread 0x000001afde687310 Exception <a 'java/lang/IncompatibleClassChangeError'{0x00000000d8b81f20}: Found class java.lang.Object, but interface was expected> (0x00000000d8b81f20) 
thrown [s\src\hotspot\share\interpreter\linkResolver.cpp, line 838]
Event: 0.946 Thread 0x000001afde687310 Exception <a 'java/lang/NoSuchMethodError'{0x00000000d8b8bb60}: 'int java.lang.invoke.DirectMethodHandle$Holder.invokeStaticInit(java.lang.Object, java.lang.Object)'> (0x00000000d8b8bb60) 
thrown [s\src\hotspot\share\interpreter\linkResolver.cpp, line 771]
Event: 1.307 Thread 0x000001afde687310 Implicit null exception at 0x000001afd20acf55 to 0x000001afd20ad4dc
Event: 1.308 Thread 0x000001afde687310 Exception <a 'java/lang/NoSuchMethodError'{0x00000000d9060ff8}: 'java.lang.Object java.lang.invoke.DirectMethodHandle$Holder.newInvokeSpecial(java.lang.Object, java.lang.Object, int)'> (0x00000000d9060ff8) 
thrown [s\src\hotspot\share\interpreter\linkResolver.cpp, line 771]

VM Operations (20 events):
Event: 0.609 Executing VM operation: HandshakeAllThreads
Event: 0.609 Executing VM operation: HandshakeAllThreads done
Event: 0.704 Executing VM operation: G1CollectForAllocation
Event: 0.714 Executing VM operation: G1CollectForAllocation done
Event: 0.892 Executing VM operation: HandshakeAllThreads
Event: 0.892 Executing VM operation: HandshakeAllThreads done
Event: 0.932 Executing VM operation: HandshakeAllThreads
Event: 0.932 Executing VM operation: HandshakeAllThreads done
Event: 0.939 Executing VM operation: HandshakeAllThreads
Event: 0.939 Executing VM operation: HandshakeAllThreads done
Event: 1.155 Executing VM operation: HandshakeAllThreads
Event: 1.155 Executing VM operation: HandshakeAllThreads done
Event: 1.183 Executing VM operation: ICBufferFull
Event: 1.183 Executing VM operation: ICBufferFull done
Event: 1.244 Executing VM operation: CollectForMetadataAllocation
Event: 1.249 Executing VM operation: CollectForMetadataAllocation done
Event: 1.257 Executing VM operation: G1Concurrent
Event: 1.261 Executing VM operation: G1Concurrent done
Event: 1.261 Executing VM operation: G1Concurrent
Event: 1.261 Executing VM operation: G1Concurrent done

Events (20 events):
Event: 1.300 loading class java/util/ListResourceBundle done
Event: 1.300 loading class sun/util/resources/cldr/CalendarData done
Event: 1.300 loading class java/util/ResourceBundle$ResourceBundleProviderHelper
Event: 1.300 loading class java/util/ResourceBundle$ResourceBundleProviderHelper done
Event: 1.301 loading class sun/util/resources/Bundles$BundleReference
Event: 1.301 loading class sun/util/resources/Bundles$CacheKeyReference
Event: 1.301 loading class sun/util/resources/Bundles$CacheKeyReference done
Event: 1.301 loading class sun/util/resources/Bundles$BundleReference done
Event: 1.301 loading class sun/util/locale/provider/LocaleResources$ResourceReference
Event: 1.301 loading class sun/util/locale/provider/LocaleResources$ResourceReference done
Event: 1.304 loading class java/time/format/DateTimeParseException
Event: 1.304 loading class java/time/DateTimeException
Event: 1.304 loading class java/time/DateTimeException done
Event: 1.304 loading class java/time/format/DateTimeParseException done
Event: 1.352 loading class jdk/internal/reflect/UnsafeQualifiedStaticObjectFieldAccessorImpl
Event: 1.353 loading class jdk/internal/reflect/UnsafeQualifiedStaticObjectFieldAccessorImpl done
Event: 1.353 loading class java/util/stream/IntStream
Event: 1.354 loading class java/util/stream/IntStream done
Event: 1.354 loading class java/nio/charset/CharacterCodingException
Event: 1.354 loading class java/nio/charset/CharacterCodingException done


Dynamic libraries:
0x00007ff6b6380000 - 0x00007ff6b638a000 	D:\IntelliJ IDEA 2023.1.2\jbr\bin\java.exe
0x00007ffe48aa0000 - 0x00007ffe48c7b000 	C:\Windows\SYSTEM32\ntdll.dll
0x00007ffe46150000 - 0x00007ffe461fe000 	C:\Windows\System32\KERNEL32.DLL
0x00007ffe45a90000 - 0x00007ffe45cda000 	C:\Windows\System32\KERNELBASE.dll
0x00007ffe45f00000 - 0x00007ffe45ff6000 	C:\Windows\System32\ucrtbase.dll
0x00007ffe408d0000 - 0x00007ffe408e7000 	D:\IntelliJ IDEA 2023.1.2\jbr\bin\jli.dll
0x00007ffe466d0000 - 0x00007ffe4681a000 	C:\Windows\System32\USER32.dll
0x00007ffe45df0000 - 0x00007ffe45e0e000 	C:\Windows\System32\win32u.dll
0x00007ffe3d970000 - 0x00007ffe3dbd7000 	C:\Windows\WinSxS\amd64_microsoft.windows.common-controls_6595b64144ccf1df_6.0.15063.1155_none_40c7922129a7722b\COMCTL32.dll
0x00007ffe47050000 - 0x00007ffe47077000 	C:\Windows\System32\GDI32.dll
0x00007ffe488b0000 - 0x00007ffe4894d000 	C:\Windows\System32\msvcrt.dll
0x00007ffe45200000 - 0x00007ffe45388000 	C:\Windows\System32\gdi32full.dll
0x00007ffe2e600000 - 0x00007ffe2e61b000 	D:\IntelliJ IDEA 2023.1.2\jbr\bin\VCRUNTIME140.dll
0x00007ffe45e10000 - 0x00007ffe45eaa000 	C:\Windows\System32\msvcp_win.dll
0x00007ffe48520000 - 0x00007ffe48819000 	C:\Windows\System32\combase.dll
0x00007ffe46ec0000 - 0x00007ffe46fe5000 	C:\Windows\System32\RPCRT4.dll
0x00007ffe45190000 - 0x00007ffe451fa000 	C:\Windows\System32\bcryptPrimitives.dll
0x00007ffe46520000 - 0x00007ffe4654d000 	C:\Windows\System32\IMM32.DLL
0x00007ffe40790000 - 0x00007ffe4079c000 	D:\IntelliJ IDEA 2023.1.2\jbr\bin\vcruntime140_1.dll
0x00007ffe1d230000 - 0x00007ffe1d2bd000 	D:\IntelliJ IDEA 2023.1.2\jbr\bin\msvcp140.dll
0x00007ffe1b8f0000 - 0x00007ffe1c55e000 	D:\IntelliJ IDEA 2023.1.2\jbr\bin\server\jvm.dll
0x00007ffe48950000 - 0x00007ffe489f1000 	C:\Windows\System32\ADVAPI32.dll
0x00007ffe46320000 - 0x00007ffe46379000 	C:\Windows\System32\sechost.dll
0x00007ffe3ae60000 - 0x00007ffe3ae69000 	C:\Windows\SYSTEM32\WSOCK32.dll
0x00007ffe3ee80000 - 0x00007ffe3eea3000 	C:\Windows\SYSTEM32\WINMM.dll
0x00007ffe46990000 - 0x00007ffe469fc000 	C:\Windows\System32\WS2_32.dll
0x00007ffe3caf0000 - 0x00007ffe3cafa000 	C:\Windows\SYSTEM32\VERSION.dll
0x00007ffe3ee50000 - 0x00007ffe3ee7b000 	C:\Windows\SYSTEM32\WINMMBASE.dll
0x00007ffe45eb0000 - 0x00007ffe45ef9000 	C:\Windows\System32\cfgmgr32.dll
0x00007ffe44fa0000 - 0x00007ffe44fb1000 	C:\Windows\System32\kernel.appcore.dll
0x00007ffe41ba0000 - 0x00007ffe41baa000 	D:\IntelliJ IDEA 2023.1.2\jbr\bin\jimage.dll
0x00007ffe3af90000 - 0x00007ffe3b139000 	C:\Windows\SYSTEM32\DBGHELP.DLL
0x00007ffe3aed0000 - 0x00007ffe3aef9000 	C:\Windows\SYSTEM32\dbgcore.DLL
0x00007ffe40d80000 - 0x00007ffe40da5000 	D:\IntelliJ IDEA 2023.1.2\jbr\bin\java.dll
0x00007ffe40b80000 - 0x00007ffe40b98000 	D:\IntelliJ IDEA 2023.1.2\jbr\bin\zip.dll
0x00007ffe470e0000 - 0x00007ffe48518000 	C:\Windows\System32\SHELL32.dll
0x00007ffe46620000 - 0x00007ffe466ca000 	C:\Windows\System32\shcore.dll
0x00007ffe45390000 - 0x00007ffe45a81000 	C:\Windows\System32\windows.storage.dll
0x00007ffe46ff0000 - 0x00007ffe47041000 	C:\Windows\System32\shlwapi.dll
0x00007ffe44f50000 - 0x00007ffe44f9c000 	C:\Windows\System32\powrprof.dll
0x00007ffe44f10000 - 0x00007ffe44f25000 	C:\Windows\System32\profapi.dll
0x00007ffe40b60000 - 0x00007ffe40b79000 	D:\IntelliJ IDEA 2023.1.2\jbr\bin\net.dll
0x00007ffe3e5b0000 - 0x00007ffe3e686000 	C:\Windows\SYSTEM32\WINHTTP.dll
0x00007ffe44820000 - 0x00007ffe4487c000 	C:\Windows\system32\mswsock.dll
0x00007ffe409c0000 - 0x00007ffe409d6000 	D:\IntelliJ IDEA 2023.1.2\jbr\bin\nio.dll
0x00007ffe445c0000 - 0x00007ffe445f7000 	C:\Windows\SYSTEM32\IPHLPAPI.DLL
0x00007ffe46310000 - 0x00007ffe46318000 	C:\Windows\System32\NSI.dll
0x00007ffe3fa70000 - 0x00007ffe3fa86000 	C:\Windows\SYSTEM32\dhcpcsvc6.DLL
0x00007ffe3f7f0000 - 0x00007ffe3f80a000 	C:\Windows\SYSTEM32\dhcpcsvc.DLL
0x00007ffe449c0000 - 0x00007ffe449d7000 	C:\Windows\SYSTEM32\CRYPTSP.dll
0x00007ffe44430000 - 0x00007ffe44464000 	C:\Windows\system32\rsaenh.dll
0x00007ffe44ad0000 - 0x00007ffe44af5000 	C:\Windows\SYSTEM32\bcrypt.dll
0x00007ffe44e40000 - 0x00007ffe44e69000 	C:\Windows\SYSTEM32\USERENV.dll
0x00007ffe449e0000 - 0x00007ffe449eb000 	C:\Windows\SYSTEM32\CRYPTBASE.dll
0x00007ffe408c0000 - 0x00007ffe408c7000 	D:\IntelliJ IDEA 2023.1.2\jbr\bin\rmi.dll
0x00007ffe44600000 - 0x00007ffe446a4000 	C:\Windows\SYSTEM32\DNSAPI.dll
0x00007ffe3e170000 - 0x00007ffe3e17a000 	C:\Windows\System32\rasadhlp.dll
0x00007ffe3eb80000 - 0x00007ffe3ebeb000 	C:\Windows\System32\fwpuclnt.dll
0x00007ffe41b50000 - 0x00007ffe41b5e000 	D:\IntelliJ IDEA 2023.1.2\jbr\bin\sunmscapi.dll
0x00007ffe44fc0000 - 0x00007ffe45189000 	C:\Windows\System32\CRYPT32.dll
0x00007ffe44f30000 - 0x00007ffe44f41000 	C:\Windows\System32\MSASN1.dll
0x00007ffe44aa0000 - 0x00007ffe44ac5000 	C:\Windows\SYSTEM32\ncrypt.dll
0x00007ffe44a60000 - 0x00007ffe44a96000 	C:\Windows\SYSTEM32\NTASN1.dll

dbghelp: loaded successfully - version: 4.0.5 - missing functions: none
symbol engine: initialized successfully - sym options: 0x614 - pdb path: .;D:\IntelliJ IDEA 2023.1.2\jbr\bin;C:\Windows\SYSTEM32;C:\Windows\WinSxS\amd64_microsoft.windows.common-controls_6595b64144ccf1df_6.0.15063.1155_none_40c7922129a7722b;D:\IntelliJ IDEA 2023.1.2\jbr\bin\server

VM Arguments:
jvm_args: -Djava.rmi.server.hostname=127.0.0.1 -Duser.timezone=UTC -Xmx750m -Xms128m --add-exports=java.desktop/sun.awt=ALL-UNNAMED --add-exports=java.desktop/java.awt.peer=ALL-UNNAMED --add-opens=java.desktop/java.awt=ALL-UNNAMED --add-opens=jdk.unsupported/sun.misc=ALL-UNNAMED --add-opens=java.base/java.nio=ALL-UNNAMED --add-opens=java.base/java.util=ALL-UNNAMED -Dfile.encoding=UTF-8 
java_command: com.intellij.database.remote.RemoteJdbcServer com.mysql.cj.jdbc.Driver
java_class_path (initial): D:\IntelliJ IDEA 2023.1.2\lib\util_rt.jar;D:\IntelliJ IDEA 2023.1.2\lib\util-8.jar;D:\IntelliJ IDEA 2023.1.2\lib\groovy.jar;D:\IntelliJ IDEA 2023.1.2\plugins\DatabaseTools\lib\jdbc-console.jar;D:\IntelliJ IDEA 2023.1.2\plugins\grid-core-impl\lib\jdbc-console-types.jar;D:\IntelliJ IDEA 2023.1.2\lib\util.jar;C:\Users\Admin\AppData\Roaming\JetBrains\IntelliJIdea2023.1\jdbc-drivers\MySQL ConnectorJ\8.0.25\mysql-connector-java-8.0.25.jar
Launcher Type: SUN_STANDARD

[Global flags]
     intx CICompilerCount                          = 3                                         {product} {ergonomic}
     uint ConcGCThreads                            = 1                                         {product} {ergonomic}
     uint G1ConcRefinementThreads                  = 4                                         {product} {ergonomic}
   size_t G1HeapRegionSize                         = 1048576                                   {product} {ergonomic}
    uintx GCDrainStackTargetSize                   = 64                                        {product} {ergonomic}
   size_t InitialHeapSize                          = 134217728                                 {product} {command line}
   size_t MarkStackSize                            = 4194304                                   {product} {ergonomic}
   size_t MaxHeapSize                              = 786432000                                 {product} {command line}
   size_t MaxNewSize                               = 471859200                                 {product} {ergonomic}
   size_t MinHeapDeltaBytes                        = 1048576                                   {product} {ergonomic}
   size_t MinHeapSize                              = 134217728                                 {product} {command line}
    uintx NonNMethodCodeHeapSize                   = 5832780                                {pd product} {ergonomic}
    uintx NonProfiledCodeHeapSize                  = 122912730                              {pd product} {ergonomic}
    uintx ProfiledCodeHeapSize                     = 122912730                              {pd product} {ergonomic}
    uintx ReservedCodeCacheSize                    = 251658240                              {pd product} {ergonomic}
     bool SegmentedCodeCache                       = true                                      {product} {ergonomic}
   size_t SoftMaxHeapSize                          = 786432000                              {manageable} {ergonomic}
     bool UseCompressedClassPointers               = true                           {product lp64_product} {ergonomic}
     bool UseCompressedOops                        = true                           {product lp64_product} {ergonomic}
     bool UseG1GC                                  = true                                      {product} {ergonomic}
     bool UseLargePagesIndividualAllocation        = false                                  {pd product} {ergonomic}

Logging:
Log output configuration:
 #0: stdout all=warning uptime,level,tags
 #1: stderr all=off uptime,level,tags

Environment Variables:
JAVA_HOME=C:\Program Files\Java\jdk-11.0.11
CLASSPATH=.;
PATH=C:\Program Files (x86)\Common Files\Oracle\Java\javapath;C:\ProgramData\DockerDesktop\version-bin;C:\Program Files\Docker\Docker\Resources\bin;C:\Program Files\Common Files\Oracle\Java\javapath;C:\Windows\system32;C:\Windows;C:\Windows\System32\Wbem;C:\Windows\System32\WindowsPowerShell\v1.0\;C:\ProgramData\chocolatey\bin;E:\TPsTech\Software\Git\cmd;C:\Users\Admin\AppData\Local\Android\Sdk\platform-tools;C:\Program Files\Java\jdk-11.0.11\bin;C:\Users\Admin\AppData\Local\Android\Sdk;C:\Program Files\Genymobile\Genymotion\tools;C:\Program Files (x86)\PuTTY\;C:\Users\Admin\Downloads\php-7.4.9-nts-Win32-vc15-x64;C:\Program Files\Microsoft\Web Platform Installer\;C:\Users\Admin\Downloads\apache-maven-3.6.3-bin\apache-maven-3.6.3\bin;C:\Users\Admin\Downloads\php-7.4.21-nts-Win32-vc15-x64;E:\TPsTech\Software\php\php-8.0.9-nts-Win32-vs16-x64;E:\TPsTech\Software\python;E:\TPsTech\Software\python\Scripts;E:\TPsTech\Software\gtk2\GTK2-Runtime Win64\bin;E:\TPsTech\Software\gtk2\GTK2-Runtime Win64\bin;C:\composer;E:\TPsTech\Software\python\Scripts\;E:\TPsTech\Software\python\;C:\Users\Admin\AppData\Local\Microsoft\WindowsApps;E:\TPsTech\Software\Microsoft VS Code\bin;C:\Users\Admin\Downloads\apache-maven-3.6.3-bin\apache-maven-3.6.3\bin;C:\Program Files\Genymobile\Genymotion\tools;C:\Users\Admin\AppData\Local\Android\Sdk\platform-tools;C:\Users\Admin\AppData\Local\Android\Sdk;C:\Users\Admin\AppData\Local\Programs\Microsoft VS Code\bin;C:\Users\Admin\AppData\Roaming\Composer\vendor\bin;D:\IntelliJ IDEA Community Edition 2021.2.4\bin;
USERNAME=Admin
OS=Windows_NT
PROCESSOR_IDENTIFIER=Intel64 Family 6 Model 58 Stepping 9, GenuineIntel
TMP=C:\Users\Admin\AppData\Local\Temp
TEMP=C:\Users\Admin\AppData\Local\Temp


JNI global refs:
JNI global refs: 17, weak refs: 0

JNI global refs memory usage: 843, weak refs: 209


---------------  S Y S T E M  ---------------

OS:
 Windows 10 , 64 bit Build 15063 (10.0.15063.1058)
OS uptime: 0 days 4:20 hours

CPU: total 4 (initial active 4) (2 cores per cpu, 2 threads per core) family 6 model 58 stepping 9 microcode 0x1f, cx8, cmov, fxsr, ht, mmx, sse, sse2, sse3, ssse3, sse4.1, sse4.2, popcnt, tsc, tscinvbit, avx, erms, clmul, vzeroupper, clflush

Memory: 4k page, system-wide physical 7750M (556M free)
TotalPageFile size 7750M (AvailPageFile size 4M)
current process WorkingSet (physical memory assigned to process): 97M, peak: 97M
current process commit charge ("private bytes"): 229M, peak: 230M

vm_info: OpenJDK 64-Bit Server VM (17.0.6+10-b829.9) for windows-amd64 JRE (17.0.6+10-b829.9), built on 2023-04-09 by "builduser" with MS VC++ 16.10 / 16.11 (VS2019)

END.
