#
# There is insufficient memory for the Java Runtime Environment to continue.
# Native memory allocation (mmap) failed to map 134217728 bytes for G1 virtual space
# Possible reasons:
#   The system is out of physical RAM or swap space
#   The process is running with CompressedOops enabled, and the Java Heap may be blocking the growth of the native heap
# Possible solutions:
#   Reduce memory load on the system
#   Increase physical memory or swap space
#   Check if swap backing store is full
#   Decrease Java heap size (-Xmx/-Xms)
#   Decrease number of Java threads
#   Decrease Java thread stack sizes (-Xss)
#   Set larger code cache with -XX:ReservedCodeCacheSize=
#   JVM is running with Unscaled Compressed Oops mode in which the Java heap is
#     placed in the first 4GB address space. The Java Heap base address is the
#     maximum limit for the native heap growth. Please use -XX:HeapBaseMinAddress
#     to set the Java Heap base and to place the Java Heap above 4GB virtual address.
# This output file may be truncated or incomplete.
#
#  Out of Memory Error (os_windows.cpp:3769), pid=9816, tid=9516
#
# JRE version:  (17.0.6+10) (build )
# Java VM: OpenJDK 64-Bit Server VM (17.0.6+10-b829.9, mixed mode, sharing, tiered, compressed oops, compressed class ptrs, g1 gc, windows-amd64)
# No core dump will be written. Minidumps are not enabled by default on client versions of Windows
#

---------------  S U M M A R Y ------------

Command Line: -Djava.rmi.server.hostname=127.0.0.1 -Duser.timezone=UTC -Xmx750m -Xms128m --add-exports=java.desktop/sun.awt=ALL-UNNAMED --add-exports=java.desktop/java.awt.peer=ALL-UNNAMED --add-opens=java.desktop/java.awt=ALL-UNNAMED --add-opens=jdk.unsupported/sun.misc=ALL-UNNAMED --add-opens=java.base/java.nio=ALL-UNNAMED --add-opens=java.base/java.util=ALL-UNNAMED -Dfile.encoding=UTF-8 com.intellij.database.remote.RemoteJdbcServer com.mysql.cj.jdbc.Driver

Host: Intel(R) Core(TM) i7-3687U CPU @ 2.10GHz, 4 cores, 7G,  Windows 10 , 64 bit Build 15063 (10.0.15063.1058)
Time: Thu Jun  1 15:31:12 2023 SE Asia Standard Time elapsed time: 0.023212 seconds (0d 0h 0m 0s)

---------------  T H R E A D  ---------------

Current thread (0x00000291089a97d0):  JavaThread "Unknown thread" [_thread_in_vm, id=9516, stack(0x000000b909a00000,0x000000b909b00000)]

Stack: [0x000000b909a00000,0x000000b909b00000]
Native frames: (J=compiled Java code, j=interpreted, Vv=VM code, C=native code)
V  [jvm.dll+0x683c5a]
V  [jvm.dll+0x842764]
V  [jvm.dll+0x843f5e]
V  [jvm.dll+0x8445c3]
V  [jvm.dll+0x249b75]
V  [jvm.dll+0x680b29]
V  [jvm.dll+0x67501a]
V  [jvm.dll+0x309acb]
V  [jvm.dll+0x310f86]
V  [jvm.dll+0x3608ee]
V  [jvm.dll+0x360b1f]
V  [jvm.dll+0x2dfbf8]
V  [jvm.dll+0x2e0b64]
V  [jvm.dll+0x814051]
V  [jvm.dll+0x36e6a1]
V  [jvm.dll+0x7f358c]
V  [jvm.dll+0x3f0e8f]
V  [jvm.dll+0x3f29d1]
C  [jli.dll+0x526b]
C  [ucrtbase.dll+0x20279]
C  [KERNEL32.DLL+0x12784]
C  [ntdll.dll+0x50c31]


---------------  P R O C E S S  ---------------

Threads class SMR info:
_java_thread_list=0x00007ffe1c42c058, length=0, elements={
}

Java Threads: ( => current thread )

Other Threads:
  0x00000291089df790 GCTaskThread "GC Thread#0" [stack: 0x000000b909b00000,0x000000b909c00000] [id=7060]
  0x00000291089e6490 ConcurrentGCThread "G1 Main Marker" [stack: 0x000000b909c00000,0x000000b909d00000] [id=2652]
  0x00000291089e6ea0 ConcurrentGCThread "G1 Conc#0" [stack: 0x000000b909d00000,0x000000b909e00000] [id=9928]

[error occurred during error reporting (printing all threads), id 0xc0000005, EXCEPTION_ACCESS_VIOLATION (0xc0000005) at pc=0x00007ffe1bbe0797]

VM state: not at safepoint (not fully initialized)

VM Mutex/Monitor currently owned by a thread:  ([mutex/lock_event])
[0x00000291089a53e0] Heap_lock - owner thread: 0x00000291089a97d0

Heap address: 0x00000000d1200000, size: 750 MB, Compressed Oops mode: 32-bit

CDS archive(s) mapped at: [0x0000000000000000-0x0000000000000000-0x0000000000000000), size 0, SharedBaseAddress: 0x0000000800000000, ArchiveRelocationMode: 0.
Narrow klass base: 0x0000000000000000, Narrow klass shift: 0, Narrow klass range: 0x0

GC Precious Log:
<Empty>

Heap:
 garbage-first heap   total 0K, used 0K [0x00000000d1200000, 0x0000000100000000)
  region size 1024K, 0 young (0K), 0 survivors (0K)

[error occurred during error reporting (printing heap information), id 0xc0000005, EXCEPTION_ACCESS_VIOLATION (0xc0000005) at pc=0x00007ffe1bfcda49]

GC Heap History (0 events):
No events

Dll operation events (1 events):
Event: 0.013 Loaded shared library D:\IntelliJ IDEA 2023.1.2\jbr\bin\java.dll

Deoptimization events (0 events):
No events

Classes unloaded (0 events):
No events

Classes redefined (0 events):
No events

Internal exceptions (0 events):
No events

VM Operations (0 events):
No events

Events (0 events):
No events


Dynamic libraries:
0x00007ff755fa0000 - 0x00007ff755faa000 	D:\IntelliJ IDEA 2023.1.2\jbr\bin\java.exe
0x00007ffe48aa0000 - 0x00007ffe48c7b000 	C:\Windows\SYSTEM32\ntdll.dll
0x00007ffe46150000 - 0x00007ffe461fe000 	C:\Windows\System32\KERNEL32.DLL
0x00007ffe45a90000 - 0x00007ffe45cda000 	C:\Windows\System32\KERNELBASE.dll
0x00007ffe45f00000 - 0x00007ffe45ff6000 	C:\Windows\System32\ucrtbase.dll
0x00007ffe408d0000 - 0x00007ffe408e7000 	D:\IntelliJ IDEA 2023.1.2\jbr\bin\jli.dll
0x00007ffe466d0000 - 0x00007ffe4681a000 	C:\Windows\System32\USER32.dll
0x00007ffe45df0000 - 0x00007ffe45e0e000 	C:\Windows\System32\win32u.dll
0x00007ffe3d970000 - 0x00007ffe3dbd7000 	C:\Windows\WinSxS\amd64_microsoft.windows.common-controls_6595b64144ccf1df_6.0.15063.1155_none_40c7922129a7722b\COMCTL32.dll
0x00007ffe2e600000 - 0x00007ffe2e61b000 	D:\IntelliJ IDEA 2023.1.2\jbr\bin\VCRUNTIME140.dll
0x00007ffe488b0000 - 0x00007ffe4894d000 	C:\Windows\System32\msvcrt.dll
0x00007ffe47050000 - 0x00007ffe47077000 	C:\Windows\System32\GDI32.dll
0x00007ffe48520000 - 0x00007ffe48819000 	C:\Windows\System32\combase.dll
0x00007ffe46ec0000 - 0x00007ffe46fe5000 	C:\Windows\System32\RPCRT4.dll
0x00007ffe45190000 - 0x00007ffe451fa000 	C:\Windows\System32\bcryptPrimitives.dll
0x00007ffe45200000 - 0x00007ffe45388000 	C:\Windows\System32\gdi32full.dll
0x00007ffe45e10000 - 0x00007ffe45eaa000 	C:\Windows\System32\msvcp_win.dll
0x00007ffe46520000 - 0x00007ffe4654d000 	C:\Windows\System32\IMM32.DLL
0x00007ffe40790000 - 0x00007ffe4079c000 	D:\IntelliJ IDEA 2023.1.2\jbr\bin\vcruntime140_1.dll
0x00007ffe1d230000 - 0x00007ffe1d2bd000 	D:\IntelliJ IDEA 2023.1.2\jbr\bin\msvcp140.dll
0x00007ffe1b8f0000 - 0x00007ffe1c55e000 	D:\IntelliJ IDEA 2023.1.2\jbr\bin\server\jvm.dll
0x00007ffe48950000 - 0x00007ffe489f1000 	C:\Windows\System32\ADVAPI32.dll
0x00007ffe46320000 - 0x00007ffe46379000 	C:\Windows\System32\sechost.dll
0x00007ffe3ae60000 - 0x00007ffe3ae69000 	C:\Windows\SYSTEM32\WSOCK32.dll
0x00007ffe46990000 - 0x00007ffe469fc000 	C:\Windows\System32\WS2_32.dll
0x00007ffe3ee80000 - 0x00007ffe3eea3000 	C:\Windows\SYSTEM32\WINMM.dll
0x00007ffe3caf0000 - 0x00007ffe3cafa000 	C:\Windows\SYSTEM32\VERSION.dll
0x00007ffe3ee50000 - 0x00007ffe3ee7b000 	C:\Windows\SYSTEM32\WINMMBASE.dll
0x00007ffe45eb0000 - 0x00007ffe45ef9000 	C:\Windows\System32\cfgmgr32.dll
0x00007ffe44fa0000 - 0x00007ffe44fb1000 	C:\Windows\System32\kernel.appcore.dll
0x00007ffe41ba0000 - 0x00007ffe41baa000 	D:\IntelliJ IDEA 2023.1.2\jbr\bin\jimage.dll
0x00007ffe3af90000 - 0x00007ffe3b139000 	C:\Windows\SYSTEM32\DBGHELP.DLL
0x00007ffe3aed0000 - 0x00007ffe3aef9000 	C:\Windows\SYSTEM32\dbgcore.DLL
0x00007ffe40d80000 - 0x00007ffe40da5000 	D:\IntelliJ IDEA 2023.1.2\jbr\bin\java.dll

dbghelp: loaded successfully - version: 4.0.5 - missing functions: none
symbol engine: initialized successfully - sym options: 0x614 - pdb path: .;D:\IntelliJ IDEA 2023.1.2\jbr\bin;C:\Windows\SYSTEM32;C:\Windows\WinSxS\amd64_microsoft.windows.common-controls_6595b64144ccf1df_6.0.15063.1155_none_40c7922129a7722b;D:\IntelliJ IDEA 2023.1.2\jbr\bin\server

VM Arguments:
jvm_args: -Djava.rmi.server.hostname=127.0.0.1 -Duser.timezone=UTC -Xmx750m -Xms128m --add-exports=java.desktop/sun.awt=ALL-UNNAMED --add-exports=java.desktop/java.awt.peer=ALL-UNNAMED --add-opens=java.desktop/java.awt=ALL-UNNAMED --add-opens=jdk.unsupported/sun.misc=ALL-UNNAMED --add-opens=java.base/java.nio=ALL-UNNAMED --add-opens=java.base/java.util=ALL-UNNAMED -Dfile.encoding=UTF-8 
java_command: com.intellij.database.remote.RemoteJdbcServer com.mysql.cj.jdbc.Driver
java_class_path (initial): D:\IntelliJ IDEA 2023.1.2\lib\util_rt.jar;D:\IntelliJ IDEA 2023.1.2\lib\util-8.jar;D:\IntelliJ IDEA 2023.1.2\lib\groovy.jar;D:\IntelliJ IDEA 2023.1.2\plugins\DatabaseTools\lib\jdbc-console.jar;D:\IntelliJ IDEA 2023.1.2\plugins\grid-core-impl\lib\jdbc-console-types.jar;D:\IntelliJ IDEA 2023.1.2\lib\util.jar;C:\Users\Admin\AppData\Roaming\JetBrains\IntelliJIdea2023.1\jdbc-drivers\MySQL ConnectorJ\8.0.25\mysql-connector-java-8.0.25.jar
Launcher Type: SUN_STANDARD

[Global flags]
     intx CICompilerCount                          = 3                                         {product} {ergonomic}
     uint ConcGCThreads                            = 1                                         {product} {ergonomic}
     uint G1ConcRefinementThreads                  = 4                                         {product} {ergonomic}
   size_t G1HeapRegionSize                         = 1048576                                   {product} {ergonomic}
    uintx GCDrainStackTargetSize                   = 64                                        {product} {ergonomic}
   size_t InitialHeapSize                          = 134217728                                 {product} {command line}
   size_t MarkStackSize                            = 4194304                                   {product} {ergonomic}
   size_t MaxHeapSize                              = 786432000                                 {product} {command line}
   size_t MinHeapDeltaBytes                        = 1048576                                   {product} {ergonomic}
   size_t MinHeapSize                              = 134217728                                 {product} {command line}
    uintx NonNMethodCodeHeapSize                   = 5832780                                {pd product} {ergonomic}
    uintx NonProfiledCodeHeapSize                  = 122912730                              {pd product} {ergonomic}
    uintx ProfiledCodeHeapSize                     = 122912730                              {pd product} {ergonomic}
    uintx ReservedCodeCacheSize                    = 251658240                              {pd product} {ergonomic}
     bool SegmentedCodeCache                       = true                                      {product} {ergonomic}
   size_t SoftMaxHeapSize                          = 786432000                              {manageable} {ergonomic}
     bool UseCompressedClassPointers               = true                           {product lp64_product} {ergonomic}
     bool UseCompressedOops                        = true                           {product lp64_product} {ergonomic}
     bool UseG1GC                                  = true                                      {product} {ergonomic}
     bool UseLargePagesIndividualAllocation        = false                                  {pd product} {ergonomic}

Logging:
Log output configuration:
 #0: stdout all=warning uptime,level,tags
 #1: stderr all=off uptime,level,tags

Environment Variables:
JAVA_HOME=C:\Program Files\Java\jdk-11.0.11
CLASSPATH=.;
PATH=C:\Program Files (x86)\Common Files\Oracle\Java\javapath;C:\ProgramData\DockerDesktop\version-bin;C:\Program Files\Docker\Docker\Resources\bin;C:\Program Files\Common Files\Oracle\Java\javapath;C:\Windows\system32;C:\Windows;C:\Windows\System32\Wbem;C:\Windows\System32\WindowsPowerShell\v1.0\;C:\ProgramData\chocolatey\bin;E:\TPsTech\Software\Git\cmd;C:\Users\Admin\AppData\Local\Android\Sdk\platform-tools;C:\Program Files\Java\jdk-11.0.11\bin;C:\Users\Admin\AppData\Local\Android\Sdk;C:\Program Files\Genymobile\Genymotion\tools;C:\Program Files (x86)\PuTTY\;C:\Users\Admin\Downloads\php-7.4.9-nts-Win32-vc15-x64;C:\Program Files\Microsoft\Web Platform Installer\;C:\Users\Admin\Downloads\apache-maven-3.6.3-bin\apache-maven-3.6.3\bin;C:\Users\Admin\Downloads\php-7.4.21-nts-Win32-vc15-x64;E:\TPsTech\Software\php\php-8.0.9-nts-Win32-vs16-x64;E:\TPsTech\Software\python;E:\TPsTech\Software\python\Scripts;E:\TPsTech\Software\gtk2\GTK2-Runtime Win64\bin;E:\TPsTech\Software\gtk2\GTK2-Runtime Win64\bin;C:\composer;E:\TPsTech\Software\python\Scripts\;E:\TPsTech\Software\python\;C:\Users\Admin\AppData\Local\Microsoft\WindowsApps;E:\TPsTech\Software\Microsoft VS Code\bin;C:\Users\Admin\Downloads\apache-maven-3.6.3-bin\apache-maven-3.6.3\bin;C:\Program Files\Genymobile\Genymotion\tools;C:\Users\Admin\AppData\Local\Android\Sdk\platform-tools;C:\Users\Admin\AppData\Local\Android\Sdk;C:\Users\Admin\AppData\Local\Programs\Microsoft VS Code\bin;C:\Users\Admin\AppData\Roaming\Composer\vendor\bin;D:\IntelliJ IDEA Community Edition 2021.2.4\bin;
USERNAME=Admin
OS=Windows_NT
PROCESSOR_IDENTIFIER=Intel64 Family 6 Model 58 Stepping 9, GenuineIntel
TMP=C:\Users\Admin\AppData\Local\Temp
TEMP=C:\Users\Admin\AppData\Local\Temp


JNI global refs:

[error occurred during error reporting (JNI global references), id 0xc0000005, EXCEPTION_ACCESS_VIOLATION (0xc0000005) at pc=0x00007ffe1b9a7a10]


---------------  S Y S T E M  ---------------

OS:
 Windows 10 , 64 bit Build 15063 (10.0.15063.1058)
OS uptime: 0 days 4:20 hours

CPU: total 4 (initial active 4) (2 cores per cpu, 2 threads per core) family 6 model 58 stepping 9 microcode 0x1f, cx8, cmov, fxsr, ht, mmx, sse, sse2, sse3, ssse3, sse4.1, sse4.2, popcnt, tsc, tscinvbit, avx, erms, clmul, vzeroupper, clflush

Memory: 4k page, system-wide physical 7750M (599M free)
TotalPageFile size 7750M (AvailPageFile size 129M)
current process WorkingSet (physical memory assigned to process): 10M, peak: 10M
current process commit charge ("private bytes"): 51M, peak: 179M

vm_info: OpenJDK 64-Bit Server VM (17.0.6+10-b829.9) for windows-amd64 JRE (17.0.6+10-b829.9), built on 2023-04-09 by "builduser" with MS VC++ 16.10 / 16.11 (VS2019)

END.
